<?xml version="1.0" encoding="UTF-8"?>
<!-- Generated by org.testng.reporters.JUnitReportReporter -->
<testsuite skipped="0" hostname="LAPTOP-AS8LDC74" name="com.qa.test.OAuth2" tests="1" failures="0" timestamp="25 Jun 2022 15:56:24 GMT" time="4.057" errors="0">
  <testcase name="getCourse" time="4.057" classname="com.qa.test.OAuth2"/>
</testsuite> <!-- com.qa.test.OAuth2 -->
