<?xml version="1.0" encoding="UTF-8"?>
<!-- Generated by org.testng.reporters.JUnitReportReporter -->
<testsuite skipped="0" hostname="LAPTOP-AS8LDC74" name="com.qa.test.NestedJSON" tests="1" failures="0" timestamp="12 Jun 2022 14:31:01 GMT" time="1.048" errors="0">
  <testcase name="validateResponse" time="1.048" classname="com.qa.test.NestedJSON"/>
</testsuite> <!-- com.qa.test.NestedJSON -->
