<?xml version="1.0" encoding="UTF-8"?>
<!-- Generated by org.testng.reporters.JUnitReportReporter -->
<testsuite skipped="0" hostname="LAPTOP-AS8LDC74" name="com.qa.test.JiraAPI" tests="1" failures="0" timestamp="22 Jun 2022 14:49:18 GMT" time="2.871" errors="0">
  <testcase name="Jira" time="2.871" classname="com.qa.test.JiraAPI"/>
</testsuite> <!-- com.qa.test.JiraAPI -->
