<?xml version="1.0" encoding="UTF-8"?>
<!-- Generated by org.testng.reporters.JUnitReportReporter -->
<testsuite skipped="0" hostname="LAPTOP-AS8LDC74" name="com.qa.test.HashMapTest" tests="1" failures="0" timestamp="14 Jul 2022 17:48:56 GMT" time="2.950" errors="0">
  <testcase name="AddBookAPI" time="2.950" classname="com.qa.test.HashMapTest"/>
</testsuite> <!-- com.qa.test.HashMapTest -->
