<?xml version="1.0" encoding="UTF-8"?>
<!-- Generated by org.testng.reporters.JUnitReportReporter -->
<testsuite skipped="0" hostname="LAPTOP-AS8LDC74" name="com.qa.test.Serialization" tests="1" failures="0" timestamp="25 Jun 2022 18:11:05 GMT" time="2.726" errors="0">
  <testcase name="addPlace_Maps" time="2.726" classname="com.qa.test.Serialization"/>
</testsuite> <!-- com.qa.test.Serialization -->
