<?xml version="1.0" encoding="UTF-8"?>
<!-- Generated by org.testng.reporters.JUnitReportReporter -->
<testsuite skipped="0" hostname="LAPTOP-AS8LDC74" name="com.qa.test.SpecBuilder" tests="1" failures="0" timestamp="27 Jun 2022 14:58:51 GMT" time="2.889" errors="0">
  <testcase name="specB" time="2.889" classname="com.qa.test.SpecBuilder"/>
</testsuite> <!-- com.qa.test.SpecBuilder -->
